<?xml version="1.0" encoding="UTF-8"?>
<testng-results ignored="0" total="1" passed="1" failed="0" skipped="0">
  <reporter-output>
  </reporter-output>
  <suite started-at="2021-11-18T10:37:32 IST" name="Default suite" finished-at="2021-11-18T10:37:42 IST" duration-ms="9922">
    <groups>
    </groups>
    <test started-at="2021-11-18T10:37:32 IST" name="Default test" finished-at="2021-11-18T10:37:42 IST" duration-ms="9922">
      <class name="com.ibm.Selenium_Project.Activity_1">
        <test-method is-config="true" signature="openBrowser()[pri:0, instance:com.ibm.Selenium_Project.Activity_1@1e683a3e]" started-at="2021-11-18T10:37:32 IST" name="openBrowser" finished-at="2021-11-18T10:37:38 IST" duration-ms="6596" status="PASS">
          <reporter-output>
          </reporter-output>
        </test-method> <!-- openBrowser -->
        <test-method signature="getTitle()[pri:0, instance:com.ibm.Selenium_Project.Activity_1@1e683a3e]" started-at="2021-11-18T10:37:38 IST" name="getTitle" finished-at="2021-11-18T10:37:38 IST" duration-ms="18" status="PASS">
          <reporter-output>
          </reporter-output>
        </test-method> <!-- getTitle -->
        <test-method is-config="true" signature="closeBrowser()[pri:0, instance:com.ibm.Selenium_Project.Activity_1@1e683a3e]" started-at="2021-11-18T10:37:38 IST" name="closeBrowser" finished-at="2021-11-18T10:37:42 IST" duration-ms="3273" status="PASS">
          <reporter-output>
          </reporter-output>
        </test-method> <!-- closeBrowser -->
      </class> <!-- com.ibm.Selenium_Project.Activity_1 -->
    </test> <!-- Default test -->
  </suite> <!-- Default suite -->
</testng-results>
